-- Selecting Windows SDK version 10.0.26100.0 to target Windows 10.0.26220.
-- Could NOT find WrapVulkanHeaders (missing: Vulkan_INCLUDE_DIR) 
-- Populating googletest
-- Selecting Windows SDK version 10.0.26100.0 to target Windows 10.0.26220.
-- Configuring done (0.1s)
-- Generating done (0.1s)
-- Build files have been written to: D:/DPracProj/software/build/_deps/googletest-subbuild
閫傜敤浜?.NET Framework MSBuild 鐗堟湰 17.14.40+3e7442088

  Performing update step for 'googletest-populate'
  -- Already at requested tag: v1.15.2
  No patch step for 'googletest-populate'
  No configure step for 'googletest-populate'
  No build step for 'googletest-populate'
  No install step for 'googletest-populate'
  No test step for 'googletest-populate'
  Completed 'googletest-populate'
CMake Error at CMakeLists.txt:40 (add_subdirectory):
  The binary directory

    D:/DPracProj/software/build/src/app

  is already used to build a source directory.  It cannot be used to build
  source directory

    D:/DPracProj/software/src/app

  Specify a unique binary directory name.


-- Configuring incomplete, errors occurred!
